<?xml version="1.0" encoding="UTF-8"?>
<!-- Generated by org.testng.reporters.JUnitReportReporter -->
<testsuite hostname="DESKTOP-6DKNH69" failures="0" tests="1" name="BDD.Cucumber.TestRunner" time="23.239" errors="0" timestamp="2023-08-19T23:27:42 IST" skipped="0">
  <testcase classname="BDD.Cucumber.TestRunner" name="runScenario" time="23.239"/>
  <system-out/>
</testsuite> <!-- BDD.Cucumber.TestRunner -->
